<?xml version="1.0" encoding="UTF-8"?>
<!-- Generated by org.testng.reporters.JUnitReportReporter -->
<testsuite skipped="0" hostname="NTPC02141" name="com.yourlogo.testcases.SigninTestCases" tests="1" failures="0" timestamp="2020-06-15T14:09:05 CAT" time="24.005" errors="0">
  <testcase name="SignInTest" time="24.005" classname="com.yourlogo.testcases.SigninTestCases"/>
  <system-out/>
</testsuite> <!-- com.yourlogo.testcases.SigninTestCases -->
